wrapper  | --> Wrapper Started as Daemon
wrapper  | Launching a JVM...
jvm 1    | OpenJDK 64-Bit Server VM warning: ignoring option MaxPermSize=192m; support was removed in 8.0
jvm 1    | Wrapper (Version 3.2.3) http://wrapper.tanukisoftware.org
jvm 1    |   Copyright 1999-2006 Tanuki Software, Inc.  All Rights Reserved.
jvm 1    | 
jvm 1    | 2018-07-16 18:16:05,321-0600 INFO  [WrapperListener_start_runner]  org.sonatype.nexus.bootstrap.jsw.JswLauncher - Starting with arguments: [./conf/jetty.xml, ./conf/jetty-requestlog.xml]
jvm 1    | 2018-07-16 18:16:05,338-0600 INFO  [WrapperListener_start_runner]  org.sonatype.nexus.bootstrap.jsw.JswLauncher - JVM ID: 1, JVM PID: 24855, Wrapper PID: 24853, User: root
jvm 1    | 2018-07-16 18:16:05,766-0600 INFO  [WrapperListener_start_runner]  org.sonatype.nexus.bootstrap.ConfigurationBuilder - Properties:
jvm 1    | 2018-07-16 18:16:05,766-0600 INFO  [WrapperListener_start_runner]  org.sonatype.nexus.bootstrap.ConfigurationBuilder -   application-conf='/home/charlie/programs/nexus-2.14.9-01/../sonatype-work/nexus/conf'
jvm 1    | 2018-07-16 18:16:05,766-0600 INFO  [WrapperListener_start_runner]  org.sonatype.nexus.bootstrap.ConfigurationBuilder -   application-host='0.0.0.0'
jvm 1    | 2018-07-16 18:16:05,766-0600 INFO  [WrapperListener_start_runner]  org.sonatype.nexus.bootstrap.ConfigurationBuilder -   application-port='8081'
jvm 1    | 2018-07-16 18:16:05,767-0600 INFO  [WrapperListener_start_runner]  org.sonatype.nexus.bootstrap.ConfigurationBuilder -   bundleBasedir='/home/charlie/programs/nexus-2.14.9-01'
jvm 1    | 2018-07-16 18:16:05,767-0600 INFO  [WrapperListener_start_runner]  org.sonatype.nexus.bootstrap.ConfigurationBuilder -   java.awt.headless='true'
jvm 1    | 2018-07-16 18:16:05,767-0600 INFO  [WrapperListener_start_runner]  org.sonatype.nexus.bootstrap.ConfigurationBuilder -   networkaddress.cache.ttl='3600'
jvm 1    | 2018-07-16 18:16:05,767-0600 INFO  [WrapperListener_start_runner]  org.sonatype.nexus.bootstrap.ConfigurationBuilder -   nexus-app='/home/charlie/programs/nexus-2.14.9-01/nexus/WEB-INF'
jvm 1    | 2018-07-16 18:16:05,767-0600 INFO  [WrapperListener_start_runner]  org.sonatype.nexus.bootstrap.ConfigurationBuilder -   nexus-webapp='/home/charlie/programs/nexus-2.14.9-01/nexus'
jvm 1    | 2018-07-16 18:16:05,767-0600 INFO  [WrapperListener_start_runner]  org.sonatype.nexus.bootstrap.ConfigurationBuilder -   nexus-webapp-context-path='/nexus'
jvm 1    | 2018-07-16 18:16:05,767-0600 INFO  [WrapperListener_start_runner]  org.sonatype.nexus.bootstrap.ConfigurationBuilder -   nexus-work='/home/charlie/programs/sonatype-work/nexus'
jvm 1    | 2018-07-16 18:16:05,767-0600 INFO  [WrapperListener_start_runner]  org.sonatype.nexus.bootstrap.ConfigurationBuilder -   org.eclipse.ecf.provider.filetransfer.retrieve.readTimeout='30000'
jvm 1    | 2018-07-16 18:16:05,767-0600 INFO  [WrapperListener_start_runner]  org.sonatype.nexus.bootstrap.ConfigurationBuilder -   runtime='/home/charlie/programs/nexus-2.14.9-01/nexus/WEB-INF'
jvm 1    | 2018-07-16 18:16:05,767-0600 INFO  [WrapperListener_start_runner]  org.sonatype.nexus.bootstrap.ConfigurationBuilder -   security-xml-file='/home/charlie/programs/nexus-2.14.9-01/../sonatype-work/nexus/conf/security.xml'
jvm 1    | 2018-07-16 18:16:05,768-0600 INFO  [WrapperListener_start_runner]  org.sonatype.nexus.bootstrap.ConfigurationBuilder -   storage.diskCache.bufferSize='4096'
jvm 1    | 2018-07-16 18:16:05,794-0600 INFO  [WrapperListener_start_runner]  org.sonatype.nexus.bootstrap.Launcher - Java: 1.8.0_03-Ubuntu, OpenJDK 64-Bit Server VM, Oracle Corporation, 25.03-b03
jvm 1    | 2018-07-16 18:16:05,794-0600 INFO  [WrapperListener_start_runner]  org.sonatype.nexus.bootstrap.Launcher - OS: Linux, 4.4.0-21-generic, amd64
jvm 1    | 2018-07-16 18:16:05,794-0600 INFO  [WrapperListener_start_runner]  org.sonatype.nexus.bootstrap.Launcher - User: root, en, /root
jvm 1    | 2018-07-16 18:16:05,794-0600 INFO  [WrapperListener_start_runner]  org.sonatype.nexus.bootstrap.Launcher - CWD: /home/charlie/programs/nexus-2.14.9-01
jvm 1    | 2018-07-16 18:16:05,868-0600 INFO  [WrapperListener_start_runner]  org.sonatype.nexus.bootstrap.Launcher - TMP: /home/charlie/programs/nexus-2.14.9-01/tmp
jvm 1    | 2018-07-16 18:16:05,872-0600 INFO  [WrapperListener_start_runner]  org.sonatype.nexus.bootstrap.jetty.JettyServer - Starting
jvm 1    | 2018-07-16 18:16:05,881-0600 INFO  [WrapperListener_start_runner]  org.sonatype.nexus.bootstrap.jetty.JettyServer - Applying configuration: file:/home/charlie/programs/nexus-2.14.9-01/conf/jetty.xml
jvm 1    | 2018-07-16 18:16:06,397-0600 INFO  [WrapperListener_start_runner]  org.sonatype.nexus.bootstrap.jetty.JettyServer - Applying configuration: file:/home/charlie/programs/nexus-2.14.9-01/conf/jetty-requestlog.xml
jvm 1    | 2018-07-16 18:16:06,457-0600 INFO  [jetty-main-1]  org.sonatype.nexus.bootstrap.jetty.JettyServer - Starting: org.eclipse.jetty.server.Server@699b1d6f
jvm 1    | 2018-07-16 18:16:06,461-0600 INFO  [jetty-main-1]  org.eclipse.jetty.server.Server - jetty-8.1.16.v20140903
jvm 1    | 2018-07-16 18:16:07,832-0600 INFO  [jetty-main-1]  org.sonatype.nexus.webapp.WebappBootstrap - Initializing
jvm 1    | 2018-07-16 18:16:07,833-0600 INFO  [jetty-main-1]  org.sonatype.nexus.webapp.WebappBootstrap - Using bootstrap launcher configuration
jvm 1    | 2018-07-16 18:16:15,733-0600 INFO  [jetty-main-1]  org.sonatype.nexus.webapp.metrics.MetricsModule - Metrics support configured
jvm 1    | 2018-07-16 18:16:24,079-0600 INFO  [jetty-main-1]  org.sonatype.sisu.goodies.eventbus.internal.DefaultEventBus - Using Reentrant Guava EventBus
jvm 1    | 2018-07-16 18:16:24,626-0600 WARN  [jetty-main-1]  org.sonatype.security.configuration.source.FileSecurityConfigurationSource - No configuration file in place, copying the default one and continuing with it.
jvm 1    | 2018-07-16 18:16:24,727-0600 INFO  [jetty-main-1]  org.sonatype.security.configuration.source.FileSecurityConfigurationSource - Loading Security configuration from /home/charlie/programs/nexus-2.14.9-01/../sonatype-work/nexus/conf/security-configuration.xml
jvm 1    | 2018-07-16 18:16:24,896-0600 INFO  [jetty-main-1]  org.sonatype.sisu.ehcache.CacheManagerComponentImpl - Loading configuration from: file:/home/charlie/programs/nexus-2.14.9-01/nexus/WEB-INF/classes/ehcache.xml
jvm 1    | 2018-07-16 18:16:25,436-0600 INFO  [jetty-main-1]  com.thoughtworks.xstream.XStream - Version: 1.4.6-SONATYPE-03, white-list support available
jvm 1    | 2018-07-16 18:16:25,584-0600 INFO  [jetty-main-1]  org.sonatype.nexus.proxy.registry.DefaultRepositoryTypeRegistry - Registered default repository types.
jvm 1    | 2018-07-16 18:16:25,702-0600 INFO  [jetty-main-1]  org.sonatype.nexus.events.EventSubscriberHost - Initialized
jvm 1    | 2018-07-16 18:16:25,706-0600 INFO  [jetty-main-1]  org.sonatype.nexus.NxApplication - 
jvm 1    | -------------------------------------------------
jvm 1    | 
jvm 1    | Initializing Nexus Repository Manager OSS 2.14.9-01
jvm 1    | 
jvm 1    | -------------------------------------------------
jvm 1    | 2018-07-16 18:16:25,706-0600 INFO  [jetty-main-1]  org.sonatype.nexus.NxApplication - Activating locally installed plugins...
jvm 1    | 2018-07-16 18:16:38,951-0600 INFO  [jetty-main-1]  com.sun.jersey.server.impl.application.WebApplicationImpl - Initiating Jersey application, version 'Jersey: 1.17.1 02/28/2013 12:47 PM'
jvm 1    | 2018-07-16 18:16:48,296-0600 INFO  [jetty-main-1]  org.sonatype.nexus.plugins.bcprov.CryptoPlugin - Unlimited strength JCE policy detected
jvm 1    | 2018-07-16 18:16:51,752-0600 INFO  [jetty-main-1]  org.sonatype.nexus.proxy.registry.DefaultRepositoryTypeRegistry - Registered Repository type RepositoryType=(org.sonatype.nexus.proxy.repository.Repository:rubygems-proxy).
jvm 1    | 2018-07-16 18:16:51,752-0600 INFO  [jetty-main-1]  org.sonatype.nexus.proxy.registry.DefaultRepositoryTypeRegistry - Registered Repository type RepositoryType=(org.sonatype.nexus.proxy.repository.Repository:rubygems-hosted).
jvm 1    | 2018-07-16 18:16:51,752-0600 INFO  [jetty-main-1]  org.sonatype.nexus.proxy.registry.DefaultRepositoryTypeRegistry - Registered Repository type RepositoryType=(org.sonatype.nexus.proxy.repository.GroupRepository:rubygems-group).
jvm 1    | 2018-07-16 18:16:52,603-0600 INFO  [jetty-main-1]  org.sonatype.nexus.kazuki.KazukiPlugin - Kazuki version: 0.1.8
jvm 1    | 2018-07-16 18:16:56,313-0600 INFO  [jetty-main-1]  org.sonatype.nexus.proxy.registry.DefaultRepositoryTypeRegistry - Registered Repository type RepositoryType=(org.sonatype.nexus.proxy.repository.Repository:nuget-proxy).
jvm 1    | 2018-07-16 18:16:56,314-0600 INFO  [jetty-main-1]  org.sonatype.nexus.proxy.registry.DefaultRepositoryTypeRegistry - Registered Repository type RepositoryType=(org.sonatype.nexus.proxy.repository.ShadowRepository:nuget-shadow).
jvm 1    | 2018-07-16 18:16:56,314-0600 INFO  [jetty-main-1]  org.sonatype.nexus.proxy.registry.DefaultRepositoryTypeRegistry - Registered Repository type RepositoryType=(org.sonatype.nexus.proxy.repository.GroupRepository:nuget-group).
jvm 1    | 2018-07-16 18:16:56,504-0600 INFO  [jetty-main-1]  org.sonatype.nexus.proxy.registry.DefaultRepositoryTypeRegistry - Registered Repository type RepositoryType=(org.sonatype.nexus.proxy.repository.Repository:npm-proxy).
jvm 1    | 2018-07-16 18:16:56,504-0600 INFO  [jetty-main-1]  org.sonatype.nexus.proxy.registry.DefaultRepositoryTypeRegistry - Registered Repository type RepositoryType=(org.sonatype.nexus.proxy.repository.Repository:npm-hosted).
jvm 1    | 2018-07-16 18:16:56,504-0600 INFO  [jetty-main-1]  org.sonatype.nexus.proxy.registry.DefaultRepositoryTypeRegistry - Registered Repository type RepositoryType=(org.sonatype.nexus.proxy.repository.GroupRepository:npm-group).
jvm 1    | 2018-07-16 18:16:58,612-0600 INFO  [jetty-main-1]  org.sonatype.nexus.proxy.registry.DefaultRepositoryTypeRegistry - Registered Repository type RepositoryType=(org.sonatype.nexus.proxy.repository.WebSiteRepository:site).
jvm 1    | 2018-07-16 18:16:59,053-0600 INFO  [jetty-main-1]  org.sonatype.nexus.NxApplication - Plugin manager request "ACTIVATE" on plugin "org.sonatype.nexus.plugins:nexus-rrb-plugin:2.14.9-01" was successful.
jvm 1    | 2018-07-16 18:16:59,075-0600 INFO  [jetty-main-1]  org.sonatype.nexus.NxApplication - Plugin manager request "ACTIVATE" on plugin "org.sonatype.nexus.plugins:nexus-archetype-plugin:2.14.9-01" was successful.
jvm 1    | 2018-07-16 18:16:59,075-0600 INFO  [jetty-main-1]  org.sonatype.nexus.NxApplication - Plugin manager request "ACTIVATE" on plugin "org.sonatype.nexus.plugins:nexus-atlas-plugin:2.14.9-01" was successful.
jvm 1    | 2018-07-16 18:16:59,075-0600 INFO  [jetty-main-1]  org.sonatype.nexus.NxApplication - Plugin manager request "ACTIVATE" on plugin "org.sonatype.nexus.plugins:nexus-ruby-plugin:2.14.9-01" was successful.
jvm 1    | 2018-07-16 18:16:59,075-0600 INFO  [jetty-main-1]  org.sonatype.nexus.NxApplication - Plugin manager request "ACTIVATE" on plugin "com.sonatype.nexus.plugins:nexus-outreach-plugin:2.14.9-01" was successful.
jvm 1    | 2018-07-16 18:16:59,075-0600 INFO  [jetty-main-1]  org.sonatype.nexus.NxApplication - Plugin manager request "ACTIVATE" on plugin "org.sonatype.nexus.plugins:nexus-logging-plugin:2.14.9-01" was successful.
jvm 1    | 2018-07-16 18:16:59,075-0600 INFO  [jetty-main-1]  org.sonatype.nexus.NxApplication - Plugin manager request "ACTIVATE" on plugin "org.sonatype.nexus.plugins:nexus-siesta-plugin:2.14.9-01" was successful.
jvm 1    | 2018-07-16 18:16:59,075-0600 INFO  [jetty-main-1]  org.sonatype.nexus.NxApplication - Plugin manager request "ACTIVATE" on plugin "org.sonatype.nexus.plugins:nexus-lvo-plugin:2.14.9-01" was successful.
jvm 1    | 2018-07-16 18:16:59,075-0600 INFO  [jetty-main-1]  org.sonatype.nexus.NxApplication - Plugin manager request "ACTIVATE" on plugin "org.sonatype.nexus.plugins:nexus-content-plugin:2.14.9-01" was successful.
jvm 1    | 2018-07-16 18:16:59,076-0600 INFO  [jetty-main-1]  org.sonatype.nexus.NxApplication - Plugin manager request "ACTIVATE" on plugin "org.sonatype.nexus.plugins:nexus-h2-plugin:2.14.9-01" was successful.
jvm 1    | 2018-07-16 18:16:59,076-0600 INFO  [jetty-main-1]  org.sonatype.nexus.NxApplication - Plugin manager request "ACTIVATE" on plugin "org.sonatype.nexus.plugins:nexus-crypto-plugin:2.14.9-01" was successful.
jvm 1    | 2018-07-16 18:16:59,076-0600 INFO  [jetty-main-1]  org.sonatype.nexus.NxApplication - Plugin manager request "ACTIVATE" on plugin "org.sonatype.nexus.plugins:nexus-rutauth-plugin:2.14.9-01" was successful.
jvm 1    | 2018-07-16 18:16:59,076-0600 INFO  [jetty-main-1]  org.sonatype.nexus.NxApplication - Plugin manager request "ACTIVATE" on plugin "org.sonatype.nexus.plugins:nexus-ldap-realm-plugin:2.14.9-01" was successful.
jvm 1    | 2018-07-16 18:16:59,076-0600 INFO  [jetty-main-1]  org.sonatype.nexus.NxApplication - Plugin manager request "ACTIVATE" on plugin "org.sonatype.nexus.plugins:nexus-restlet1x-plugin:2.14.9-01" was successful.
jvm 1    | 2018-07-16 18:16:59,076-0600 INFO  [jetty-main-1]  org.sonatype.nexus.NxApplication - Plugin manager request "ACTIVATE" on plugin "org.sonatype.nexus.plugins:nexus-wonderland-plugin:2.14.9-01" was successful.
jvm 1    | 2018-07-16 18:16:59,076-0600 INFO  [jetty-main-1]  org.sonatype.nexus.NxApplication - Plugin manager request "ACTIVATE" on plugin "org.sonatype.nexus.plugins:nexus-maven-bridge-plugin:2.14.9-01" was successful.
jvm 1    | 2018-07-16 18:16:59,076-0600 INFO  [jetty-main-1]  org.sonatype.nexus.NxApplication - Plugin manager request "ACTIVATE" on plugin "org.sonatype.nexus.plugins:nexus-orient-plugin:2.14.9-01" was successful.
jvm 1    | 2018-07-16 18:16:59,076-0600 INFO  [jetty-main-1]  org.sonatype.nexus.NxApplication - Plugin manager request "ACTIVATE" on plugin "org.sonatype.nexus.plugins:nexus-yum-repository-plugin:2.14.9-01" was successful.
jvm 1    | 2018-07-16 18:16:59,076-0600 INFO  [jetty-main-1]  org.sonatype.nexus.NxApplication - Plugin manager request "ACTIVATE" on plugin "org.sonatype.nexus.plugins:nexus-groovy-plugin:2.14.9-01" was successful.
jvm 1    | 2018-07-16 18:16:59,077-0600 INFO  [jetty-main-1]  org.sonatype.nexus.NxApplication - Plugin manager request "ACTIVATE" on plugin "com.sonatype.nexus.plugins:nexus-nuget-plugin:2.14.9-01" was successful.
jvm 1    | 2018-07-16 18:16:59,077-0600 INFO  [jetty-main-1]  org.sonatype.nexus.NxApplication - Plugin manager request "ACTIVATE" on plugin "com.sonatype.nexus.plugins:nexus-migrationagent-plugin:2.14.9-01" was successful.
jvm 1    | 2018-07-16 18:16:59,077-0600 INFO  [jetty-main-1]  org.sonatype.nexus.NxApplication - Plugin manager request "ACTIVATE" on plugin "org.sonatype.nexus.plugins:nexus-timeline-plugin:2.14.9-01" was successful.
jvm 1    | 2018-07-16 18:16:59,077-0600 INFO  [jetty-main-1]  org.sonatype.nexus.NxApplication - Plugin manager request "ACTIVATE" on plugin "org.sonatype.nexus.plugins:nexus-capabilities-plugin:2.14.9-01" was successful.
jvm 1    | 2018-07-16 18:16:59,077-0600 INFO  [jetty-main-1]  org.sonatype.nexus.NxApplication - Plugin manager request "ACTIVATE" on plugin "org.sonatype.nexus.plugins:nexus-npm-repository-plugin:2.14.9-01" was successful.
jvm 1    | 2018-07-16 18:16:59,077-0600 INFO  [jetty-main-1]  org.sonatype.nexus.NxApplication - Plugin manager request "ACTIVATE" on plugin "com.sonatype.nexus.plugins:nexus-iq-repository-oss-plugin:2.14.9-01" was successful.
jvm 1    | 2018-07-16 18:16:59,077-0600 INFO  [jetty-main-1]  org.sonatype.nexus.NxApplication - Plugin manager request "ACTIVATE" on plugin "org.sonatype.nexus.plugins:nexus-indexer-lucene-plugin:2.14.9-01" was successful.
jvm 1    | 2018-07-16 18:16:59,077-0600 INFO  [jetty-main-1]  org.sonatype.nexus.NxApplication - Plugin manager request "ACTIVATE" on plugin "org.sonatype.nexus.plugins:nexus-webresources-plugin:2.14.9-01" was successful.
jvm 1    | 2018-07-16 18:16:59,077-0600 INFO  [jetty-main-1]  org.sonatype.nexus.NxApplication - Plugin manager request "ACTIVATE" on plugin "org.sonatype.nexus.plugins:nexus-site-repository-plugin:2.14.9-01" was successful.
jvm 1    | 2018-07-16 18:16:59,077-0600 INFO  [jetty-main-1]  org.sonatype.nexus.NxApplication - Plugin manager request "ACTIVATE" on plugin "com.sonatype.nexus.plugins:nexus-analytics-plugin:2.14.9-01" was successful.
jvm 1    | 2018-07-16 18:16:59,077-0600 INFO  [jetty-main-1]  org.sonatype.nexus.NxApplication - Plugin manager request "ACTIVATE" on plugin "org.sonatype.nexus.plugins:nexus-kazuki-plugin:2.14.9-01" was successful.
jvm 1    | 2018-07-16 18:16:59,078-0600 INFO  [jetty-main-1]  org.sonatype.nexus.NxApplication - Plugin manager request "ACTIVATE" on plugin "org.sonatype.nexus.plugins:nexus-plugin-console-plugin:2.14.9-01" was successful.
jvm 1    | 2018-07-16 18:16:59,078-0600 INFO  [jetty-main-1]  org.sonatype.nexus.NxApplication - Plugin manager request "ACTIVATE" on plugin "org.sonatype.nexus.plugins:nexus-ui-extjs3-plugin:2.14.9-01" was successful.
jvm 1    | 2018-07-16 18:16:59,078-0600 INFO  [jetty-main-1]  org.sonatype.nexus.events.EventSubscriberHost - Starting
jvm 1    | 2018-07-16 18:16:59,123-0600 INFO  [jetty-main-1]  org.sonatype.nexus.timeline.DefaultNexusTimeline - Initializing Nexus Timeline...
jvm 1    | 2018-07-16 18:16:59,124-0600 INFO  [jetty-main-1]  org.sonatype.nexus.timeline.DefaultNexusTimeline - Starting Nexus Timeline...
jvm 1    | 2018-07-16 18:16:59,397-0600 INFO  [jetty-main-1]  org.sonatype.timeline.internal.DefaultTimeline - Started Timeline...
jvm 1    | 2018-07-16 18:17:00,427-0600 INFO  [jetty-main-1]  org.sonatype.nexus.apachehttpclient.Hc4ProviderImpl - Started (connectionPoolMaxSize 200, connectionPoolSize 20, connectionPoolIdleTime 30000 ms, connectionPoolTimeout 30000 ms, keepAliveMaxDuration 30000 ms)
jvm 1    | 2018-07-16 18:17:01,019-0600 INFO  [jetty-main-1]  org.sonatype.nexus.orient.DatabaseServerImpl - OrientDB version: 2.1.14
jvm 1    | 2018-07-16 18:17:01,062-0600 INFO  [jetty-main-1]  com.orientechnologies.orient.server.OServer - OrientDB Server v2.1.14 is starting up...
jvm 1    | 2018-07-16 18:17:01,070-0600 INFO  [jetty-main-1]  com.orientechnologies.orient.server.OServer - Databases directory: /home/charlie/programs/sonatype-work/nexus/db
jvm 1    | 2018-07-16 18:17:01,082-0600 INFO  [jetty-main-1]  com.orientechnologies.orient.server.handler.OJMXPlugin - JMX plugin installed and active: profilerManaged=true
jvm 1    | 2018-07-16 18:17:01,084-0600 INFO  [jetty-main-1]  com.orientechnologies.orient.server.OServer - OrientDB Server v2.1.14 is active.
jvm 1    | 2018-07-16 18:17:01,085-0600 INFO  [jetty-main-1]  org.sonatype.nexus.orient.DatabaseServerImpl - Activated
jvm 1    | 2018-07-16 18:17:01,085-0600 INFO  [jetty-main-1]  org.sonatype.nexus.configuration.application.DefaultNexusConfiguration - Loading Nexus Configuration...
jvm 1    | 2018-07-16 18:17:01,119-0600 INFO  [jetty-main-1]  org.sonatype.nexus.configuration.source.StaticConfigurationSource - Configuration loaded successfully.
jvm 1    | 2018-07-16 18:17:01,120-0600 WARN  [jetty-main-1]  org.sonatype.nexus.configuration.source.FileConfigurationSource - No configuration file in place, copying the default one and continuing with it.
jvm 1    | 2018-07-16 18:17:01,526-0600 INFO  [jetty-main-1]  org.sonatype.nexus.configuration.source.FileConfigurationSource - Configuration loaded successfully.
jvm 1    | 2018-07-16 18:17:01,592-0600 INFO  [jetty-main-1]  org.sonatype.nexus.configuration.source.FileConfigurationSource - Nexus configuration validated successfully.
jvm 1    | 2018-07-16 18:17:01,671-0600 INFO  [jetty-main-1]  org.sonatype.nexus.configuration.application.DefaultNexusConfiguration - Applying Nexus Configuration...
jvm 1    | 2018-07-16 18:17:01,678-0600 INFO  [jetty-main-1]  org.sonatype.security.configuration.source.FileSecurityConfigurationSource - Loading Security configuration from /home/charlie/programs/nexus-2.14.9-01/../sonatype-work/nexus/conf/security-configuration.xml
jvm 1    | 2018-07-16 18:17:01,684-0600 INFO  [jetty-main-1]  org.apache.shiro.cache.ehcache.EhCacheManager - Cache with name 'XmlAuthenticatingRealm.authorizationCache' does not yet exist.  Creating now.
jvm 1    | 2018-07-16 18:17:01,685-0600 INFO  [jetty-main-1]  org.apache.shiro.cache.ehcache.EhCacheManager - Added EhCache named [XmlAuthenticatingRealm.authorizationCache]
jvm 1    | 2018-07-16 18:17:01,686-0600 INFO  [jetty-main-1]  org.apache.shiro.cache.ehcache.EhCacheManager - Cache with name 'XmlAuthorizingRealm.authorizationCache' does not yet exist.  Creating now.
jvm 1    | 2018-07-16 18:17:01,687-0600 INFO  [jetty-main-1]  org.apache.shiro.cache.ehcache.EhCacheManager - Added EhCache named [XmlAuthorizingRealm.authorizationCache]
jvm 1    | 2018-07-16 18:17:01,722-0600 INFO  [jetty-main-1]  org.sonatype.nexus.proxy.attributes.DefaultLSAttributeStorage - Default FS AttributeStorage in place, using JacksonJSON marshaller. 
jvm 1    | 2018-07-16 18:17:02,427-0600 INFO  [jetty-main-1]  org.sonatype.nexus.proxy.registry.DefaultRepositoryRegistry - Added repository "Central" [id=central][contentClass=Maven2][mainFacet=org.sonatype.nexus.proxy.maven.MavenProxyRepository]
jvm 1    | 2018-07-16 18:17:02,461-0600 INFO  [jetty-main-1]  org.sonatype.nexus.proxy.registry.DefaultRepositoryRegistry - Added repository "Apache Snapshots" [id=apache-snapshots][contentClass=Maven2][mainFacet=org.sonatype.nexus.proxy.maven.MavenProxyRepository]
jvm 1    | 2018-07-16 18:17:02,528-0600 INFO  [jetty-main-1]  org.sonatype.nexus.proxy.registry.DefaultRepositoryRegistry - Added repository "Releases" [id=releases][contentClass=Maven2][mainFacet=org.sonatype.nexus.proxy.maven.MavenHostedRepository]
jvm 1    | 2018-07-16 18:17:02,575-0600 INFO  [jetty-main-1]  org.sonatype.nexus.proxy.registry.DefaultRepositoryRegistry - Added repository "Snapshots" [id=snapshots][contentClass=Maven2][mainFacet=org.sonatype.nexus.proxy.maven.MavenHostedRepository]
jvm 1    | 2018-07-16 18:17:02,606-0600 INFO  [jetty-main-1]  org.sonatype.nexus.proxy.registry.DefaultRepositoryRegistry - Added repository "3rd party" [id=thirdparty][contentClass=Maven2][mainFacet=org.sonatype.nexus.proxy.maven.MavenHostedRepository]
jvm 1    | 2018-07-16 18:17:02,626-0600 INFO  [jetty-main-1]  org.sonatype.nexus.proxy.registry.DefaultRepositoryRegistry - Added repository "Central M1 shadow" [id=central-m1][contentClass=Maven1][mainFacet=org.sonatype.nexus.proxy.maven.MavenShadowRepository]
jvm 1    | 2018-07-16 18:17:02,660-0600 INFO  [jetty-main-1]  org.sonatype.nexus.proxy.registry.DefaultRepositoryRegistry - Added repository "Public Repositories" [id=public][contentClass=Maven2][mainFacet=org.sonatype.nexus.proxy.repository.GroupRepository]
jvm 1    | 2018-07-16 18:17:02,660-0600 INFO  [jetty-main-1]  org.sonatype.scheduling.DefaultScheduler - Initializing Scheduler...
jvm 1    | 2018-07-16 18:17:02,660-0600 INFO  [jetty-main-1]  org.sonatype.nexus.scheduling.internal.DefaultTaskConfigManager - 0 task(s) to load.
jvm 1    | 2018-07-16 18:17:02,661-0600 INFO  [jetty-main-1]  org.sonatype.nexus.NxApplication - This is 1st start of new Nexus instance.
jvm 1    | 2018-07-16 18:17:02,662-0600 INFO  [jetty-main-1]  org.sonatype.nexus.NxApplication - Nexus Work Directory : /home/charlie/programs/sonatype-work/nexus
jvm 1    | 2018-07-16 18:17:02,662-0600 INFO  [jetty-main-1]  org.sonatype.nexus.NxApplication - Started Nexus Repository Manager OSS 2.14.9-01
jvm 1    | 2018-07-16 18:17:02,905-0600 INFO  [jetty-main-1]  org.sonatype.nexus.proxy.targets.DefaultTargetRegistryEventInspector - Adding default target for site content class
jvm 1    | 2018-07-16 18:17:02,905-0600 INFO  [jetty-main-1]  org.sonatype.nexus.proxy.targets.DefaultTargetRegistryEventInspector - Adding default target for npm content class
jvm 1    | 2018-07-16 18:17:02,906-0600 INFO  [jetty-main-1]  org.sonatype.nexus.proxy.targets.DefaultTargetRegistryEventInspector - Adding default target for nuget content class
jvm 1    | 2018-07-16 18:17:02,906-0600 INFO  [jetty-main-1]  org.sonatype.nexus.proxy.targets.DefaultTargetRegistryEventInspector - Adding default target for rubygems content class
jvm 1    | 2018-07-16 18:17:02,908-0600 INFO  [jetty-main-1]  org.sonatype.nexus.configuration.application.DefaultNexusConfiguration - Applying Nexus Configuration due to changes in [Repository Target Registry]...
jvm 1    | 2018-07-16 18:17:03,830-0600 INFO  [jetty-main-1]  com.sonatype.nexus.plugins.nuget.odata.NugetODataGalleryMigrator - Starting Nuget DB migration.
jvm 1    | 2018-07-16 18:17:03,833-0600 INFO  [jetty-main-1]  com.sonatype.nexus.plugins.nuget.odata.NugetODataGalleryMigrator - Starting Nuget DB migration to version 1
jvm 1    | 2018-07-16 18:17:03,841-0600 INFO  [jetty-main-1]  com.sonatype.nexus.plugins.nuget.odata.NugetODataGalleryMigrator - Completed Nuget DB migration to version 1
jvm 1    | 2018-07-16 18:17:03,842-0600 INFO  [jetty-main-1]  com.sonatype.nexus.plugins.nuget.odata.NugetODataGalleryMigrator - Starting Nuget DB migration to version 2
jvm 1    | 2018-07-16 18:17:03,845-0600 INFO  [jetty-main-1]  com.sonatype.nexus.plugins.nuget.odata.NugetODataGalleryMigrator - Completed Nuget DB migration to version 2
jvm 1    | 2018-07-16 18:17:03,846-0600 INFO  [jetty-main-1]  com.sonatype.nexus.plugins.nuget.odata.NugetODataGalleryMigrator - Starting Nuget DB migration to version 3
jvm 1    | 2018-07-16 18:17:03,847-0600 INFO  [jetty-main-1]  com.sonatype.nexus.plugins.nuget.odata.NugetODataGalleryMigrator - Completed Nuget DB migration to version 3
jvm 1    | 2018-07-16 18:17:03,848-0600 INFO  [jetty-main-1]  com.sonatype.nexus.plugins.nuget.odata.NugetODataGalleryMigrator - Starting Nuget DB migration to version 4
jvm 1    | 2018-07-16 18:17:03,859-0600 INFO  [jetty-main-1]  com.sonatype.nexus.plugins.nuget.odata.NugetODataGalleryMigrator - Completed Nuget DB migration to version 4
jvm 1    | 2018-07-16 18:17:03,860-0600 INFO  [jetty-main-1]  com.sonatype.nexus.plugins.nuget.odata.NugetODataGalleryMigrator - Starting Nuget DB migration to version 5
jvm 1    | 2018-07-16 18:17:03,863-0600 INFO  [jetty-main-1]  com.sonatype.nexus.plugins.nuget.odata.NugetODataGalleryMigrator - Completed Nuget DB migration to version 5
jvm 1    | 2018-07-16 18:17:03,864-0600 INFO  [jetty-main-1]  com.sonatype.nexus.plugins.nuget.odata.NugetODataGalleryMigrator - Starting Nuget DB migration to version 6
jvm 1    | 2018-07-16 18:17:03,867-0600 INFO  [jetty-main-1]  com.sonatype.nexus.plugins.nuget.odata.NugetODataGalleryMigrator - Completed Nuget DB migration to version 6
jvm 1    | 2018-07-16 18:17:03,868-0600 INFO  [jetty-main-1]  com.sonatype.nexus.plugins.nuget.odata.NugetODataGalleryMigrator - Starting Nuget DB migration to version 7
jvm 1    | 2018-07-16 18:17:03,870-0600 INFO  [jetty-main-1]  com.sonatype.nexus.plugins.nuget.odata.NugetODataGalleryMigrator - Completed Nuget DB migration to version 7
jvm 1    | 2018-07-16 18:17:03,871-0600 INFO  [jetty-main-1]  com.sonatype.nexus.plugins.nuget.odata.NugetODataGalleryMigrator - Starting Nuget DB migration to version 8
jvm 1    | 2018-07-16 18:17:03,872-0600 INFO  [jetty-main-1]  com.sonatype.nexus.plugins.nuget.odata.NugetODataGalleryMigrator - Completed Nuget DB migration to version 8
jvm 1    | 2018-07-16 18:17:03,873-0600 INFO  [jetty-main-1]  com.sonatype.nexus.plugins.nuget.odata.NugetODataGalleryMigrator - Starting Nuget DB migration to version 9
jvm 1    | 2018-07-16 18:17:03,874-0600 INFO  [jetty-main-1]  com.sonatype.nexus.plugins.nuget.odata.NugetODataGalleryMigrator - Completed Nuget DB migration to version 9
jvm 1    | 2018-07-16 18:17:03,874-0600 INFO  [jetty-main-1]  com.sonatype.nexus.plugins.nuget.odata.NugetODataGalleryMigrator - Completed Nuget DB migration.
jvm 1    | 2018-07-16 18:17:03,969-0600 INFO  [jetty-main-1]  org.sonatype.nexus.webapp.WebappBootstrap - Initialized
jvm 1    | 2018-07-16 18:17:04,200-0600 INFO  [ar-7-thread-3] *TASK org.sonatype.nexus.proxy.maven.routing.internal.ManagerImpl - Updated and published prefix file of "Snapshots" [id=snapshots]
jvm 1    | 2018-07-16 18:17:04,248-0600 INFO  [ar-7-thread-1] *TASK org.sonatype.nexus.proxy.maven.routing.internal.ManagerImpl - Updated and published prefix file of "3rd party" [id=thirdparty]
jvm 1    | 2018-07-16 18:17:04,252-0600 INFO  [ar-7-thread-4] *TASK org.sonatype.nexus.proxy.maven.routing.internal.ManagerImpl - Updated and published prefix file of "Releases" [id=releases]
jvm 1    | 2018-07-16 18:17:04,648-0600 INFO  [jetty-main-1]  org.sonatype.nexus.plugins.siesta.SiestaModule - Resources:
jvm 1    | 2018-07-16 18:17:04,649-0600 INFO  [jetty-main-1]  org.sonatype.nexus.plugins.siesta.SiestaModule -   /service/siesta/analytics/events
jvm 1    | 2018-07-16 18:17:04,649-0600 INFO  [jetty-main-1]  org.sonatype.nexus.plugins.siesta.SiestaModule -   /service/siesta/analytics/settings
jvm 1    | 2018-07-16 18:17:04,649-0600 INFO  [jetty-main-1]  org.sonatype.nexus.plugins.siesta.SiestaModule -   /service/siesta/atlas/security-diagnostic
jvm 1    | 2018-07-16 18:17:04,649-0600 INFO  [jetty-main-1]  org.sonatype.nexus.plugins.siesta.SiestaModule -   /service/siesta/atlas/support-zip
jvm 1    | 2018-07-16 18:17:04,649-0600 INFO  [jetty-main-1]  org.sonatype.nexus.plugins.siesta.SiestaModule -   /service/siesta/atlas/system-information
jvm 1    | 2018-07-16 18:17:04,649-0600 INFO  [jetty-main-1]  org.sonatype.nexus.plugins.siesta.SiestaModule -   /service/siesta/capabilities
jvm 1    | 2018-07-16 18:17:04,650-0600 INFO  [jetty-main-1]  org.sonatype.nexus.plugins.siesta.SiestaModule -   /service/siesta/capabilities/stores
jvm 1    | 2018-07-16 18:17:04,650-0600 INFO  [jetty-main-1]  org.sonatype.nexus.plugins.siesta.SiestaModule -   /service/siesta/capabilities/types
jvm 1    | 2018-07-16 18:17:04,650-0600 INFO  [jetty-main-1]  org.sonatype.nexus.plugins.siesta.SiestaModule -   /service/siesta/clm
jvm 1    | 2018-07-16 18:17:04,650-0600 INFO  [jetty-main-1]  org.sonatype.nexus.plugins.siesta.SiestaModule -   /service/siesta/clm/applications
jvm 1    | 2018-07-16 18:17:04,650-0600 INFO  [jetty-main-1]  org.sonatype.nexus.plugins.siesta.SiestaModule -   /service/siesta/clm/firewall
jvm 1    | 2018-07-16 18:17:04,650-0600 INFO  [jetty-main-1]  org.sonatype.nexus.plugins.siesta.SiestaModule -   /service/siesta/healthcheck/gaDetails
jvm 1    | 2018-07-16 18:17:04,650-0600 INFO  [jetty-main-1]  org.sonatype.nexus.plugins.siesta.SiestaModule -   /service/siesta/healthcheck/gavDetails
jvm 1    | 2018-07-16 18:17:04,650-0600 INFO  [jetty-main-1]  org.sonatype.nexus.plugins.siesta.SiestaModule -   /service/siesta/healthcheck/healthCheckEula
jvm 1    | 2018-07-16 18:17:04,650-0600 INFO  [jetty-main-1]  org.sonatype.nexus.plugins.siesta.SiestaModule -   /service/siesta/healthcheck/healthCheckInfo
jvm 1    | 2018-07-16 18:17:04,650-0600 INFO  [jetty-main-1]  org.sonatype.nexus.plugins.siesta.SiestaModule -   /service/siesta/healthcheck/healthCheckStatus
jvm 1    | 2018-07-16 18:17:04,650-0600 INFO  [jetty-main-1]  org.sonatype.nexus.plugins.siesta.SiestaModule -   /service/siesta/healthcheck/healthCheckSummary/{repositoryId}/{path:.*}
jvm 1    | 2018-07-16 18:17:04,651-0600 INFO  [jetty-main-1]  org.sonatype.nexus.plugins.siesta.SiestaModule -   /service/siesta/logging/log
jvm 1    | 2018-07-16 18:17:04,651-0600 INFO  [jetty-main-1]  org.sonatype.nexus.plugins.siesta.SiestaModule -   /service/siesta/logging/loggers
jvm 1    | 2018-07-16 18:17:04,651-0600 INFO  [jetty-main-1]  org.sonatype.nexus.plugins.siesta.SiestaModule -   /service/siesta/migrationagent/configuration
jvm 1    | 2018-07-16 18:17:04,651-0600 INFO  [jetty-main-1]  org.sonatype.nexus.plugins.siesta.SiestaModule -   /service/siesta/migrationagent/repository
jvm 1    | 2018-07-16 18:17:04,651-0600 INFO  [jetty-main-1]  org.sonatype.nexus.plugins.siesta.SiestaModule -   /service/siesta/migrationagent/repository-changelog
jvm 1    | 2018-07-16 18:17:04,651-0600 INFO  [jetty-main-1]  org.sonatype.nexus.plugins.siesta.SiestaModule -   /service/siesta/migrationagent/repository-content
jvm 1    | 2018-07-16 18:17:04,651-0600 INFO  [jetty-main-1]  org.sonatype.nexus.plugins.siesta.SiestaModule -   /service/siesta/migrationagent/repository-migration
jvm 1    | 2018-07-16 18:17:04,651-0600 INFO  [jetty-main-1]  org.sonatype.nexus.plugins.siesta.SiestaModule -   /service/siesta/migrationagent/status
jvm 1    | 2018-07-16 18:17:04,651-0600 INFO  [jetty-main-1]  org.sonatype.nexus.plugins.siesta.SiestaModule -   /service/siesta/wonderland/authenticate
jvm 1    | 2018-07-16 18:17:04,651-0600 INFO  [jetty-main-1]  org.sonatype.nexus.plugins.siesta.SiestaModule -   /service/siesta/wonderland/download
jvm 1    | 2018-07-16 18:17:04,652-0600 INFO  [jetty-main-1]  org.sonatype.nexus.plugins.siesta.SiestaModule -   /service/siesta/wonderland/settings
jvm 1    | 2018-07-16 18:17:04,652-0600 INFO  [jetty-main-1]  org.sonatype.nexus.plugins.siesta.SiestaModule - Components:
jvm 1    | 2018-07-16 18:17:04,652-0600 INFO  [jetty-main-1]  org.sonatype.nexus.plugins.siesta.SiestaModule -   org.sonatype.nexus.plugins.capabilities.internal.rest.CapabilityNotFoundExceptionMapper
jvm 1    | 2018-07-16 18:17:04,652-0600 INFO  [jetty-main-1]  org.sonatype.nexus.plugins.siesta.SiestaModule -   org.sonatype.nexus.plugins.siesta.AuthorizationExceptionMapper
jvm 1    | 2018-07-16 18:17:04,652-0600 INFO  [jetty-main-1]  org.sonatype.nexus.plugins.siesta.SiestaModule -   org.sonatype.nexus.plugins.siesta.ErrorStatusRuntimeExceptionMapper
jvm 1    | 2018-07-16 18:17:04,652-0600 INFO  [jetty-main-1]  org.sonatype.nexus.plugins.siesta.SiestaModule -   org.sonatype.nexus.plugins.siesta.InvalidConfigurationExceptionMapper
jvm 1    | 2018-07-16 18:17:04,652-0600 INFO  [jetty-main-1]  org.sonatype.nexus.plugins.siesta.SiestaModule -   org.sonatype.nexus.plugins.siesta.NoSuchRepositoryExceptionMapper
jvm 1    | 2018-07-16 18:17:04,652-0600 INFO  [jetty-main-1]  org.sonatype.nexus.plugins.siesta.SiestaModule -   org.sonatype.sisu.siesta.jackson.JacksonProvider
jvm 1    | 2018-07-16 18:17:04,652-0600 INFO  [jetty-main-1]  org.sonatype.nexus.plugins.siesta.SiestaModule -   org.sonatype.sisu.siesta.server.internal.mappers.BadRequestExceptionMapper
jvm 1    | 2018-07-16 18:17:04,652-0600 INFO  [jetty-main-1]  org.sonatype.nexus.plugins.siesta.SiestaModule -   org.sonatype.sisu.siesta.server.internal.mappers.ConstraintViolationExceptionMapper
jvm 1    | 2018-07-16 18:17:04,653-0600 INFO  [jetty-main-1]  org.sonatype.nexus.plugins.siesta.SiestaModule -   org.sonatype.sisu.siesta.server.internal.mappers.InvalidObjectExceptionMapper
jvm 1    | 2018-07-16 18:17:04,653-0600 INFO  [jetty-main-1]  org.sonatype.nexus.plugins.siesta.SiestaModule -   org.sonatype.sisu.siesta.server.internal.mappers.ObjectNotFoundExceptionMapper
jvm 1    | 2018-07-16 18:17:04,653-0600 INFO  [jetty-main-1]  org.sonatype.nexus.plugins.siesta.SiestaModule -   org.sonatype.sisu.siesta.server.internal.mappers.ThrowableExceptionMapper
jvm 1    | 2018-07-16 18:17:04,653-0600 INFO  [jetty-main-1]  org.sonatype.nexus.plugins.siesta.SiestaModule -   org.sonatype.sisu.siesta.server.internal.mappers.ValidationErrorsExceptionMapper
jvm 1    | 2018-07-16 18:17:04,653-0600 INFO  [jetty-main-1]  org.sonatype.nexus.plugins.siesta.SiestaModule -   org.sonatype.sisu.siesta.server.internal.mappers.WebApplicationExceptionMapper
jvm 1    | 2018-07-16 18:17:04,653-0600 INFO  [jetty-main-1]  org.sonatype.nexus.plugins.siesta.SiestaModule -   org.sonatype.sisu.siesta.server.internal.mappers.WebApplicationMessageExceptionMapper
jvm 1    | 2018-07-16 18:17:05,281-0600 INFO  [jetty-main-1]  org.sonatype.nexus.rest.NexusApplication_UriMatching - Strict URI matching: true
jvm 1    | 2018-07-16 18:17:05,432-0600 INFO  [jetty-main-1]  org.sonatype.nexus.configuration.ModelUtils - Loading model /home/charlie/programs/sonatype-work/nexus/conf/ldap.xml
jvm 1    | 2018-07-16 18:17:05,461-0600 INFO  [jetty-main-1]  org.sonatype.nexus.configuration.ModelUtils - Loading model /home/charlie/programs/sonatype-work/nexus/conf/lvo-plugin.xml
jvm 1    | 2018-07-16 18:17:06,063-0600 INFO  [jetty-main-1]  org.sonatype.nexus.webresources.internal.WebResourceServiceImpl - Discovered 1978 resources
jvm 1    | 2018-07-16 18:17:06,065-0600 INFO  [jetty-main-1]  org.sonatype.nexus.webresources.internal.WebResourceServlet - Max-age: 30 days (2592000 seconds)
jvm 1    | 2018-07-16 18:17:06,135-0600 INFO  [jetty-main-1]  org.sonatype.nexus.bootstrap.jetty.InstrumentedSelectChannelConnector - Metrics enabled
jvm 1    | 2018-07-16 18:17:06,249-0600 INFO  [jetty-main-1]  org.eclipse.jetty.server.AbstractConnector - Started InstrumentedSelectChannelConnector@0.0.0.0:8081
jvm 1    | 2018-07-16 18:17:06,250-0600 INFO  [jetty-main-1]  org.sonatype.nexus.bootstrap.jetty.JettyServer - Running
jvm 1    | 2018-07-16 18:17:06,250-0600 INFO  [WrapperListener_start_runner]  org.sonatype.nexus.bootstrap.jetty.JettyServer - Started
jvm 1    | 2018-07-16 18:17:08,159-0600 INFO  [ar-7-thread-5] *TASK org.sonatype.nexus.proxy.storage.remote.httpclient.HttpClientRemoteStorage - Initializing remote transport for proxy repository "Apache Snapshots" [id=apache-snapshots]...
jvm 1    | 2018-07-16 18:17:08,482-0600 INFO  [ar-7-thread-2] *TASK org.sonatype.nexus.proxy.storage.remote.httpclient.HttpClientRemoteStorage - Initializing remote transport for proxy repository "Central" [id=central]...
jvm 1    | 2018-07-16 18:17:09,484-0600 INFO  [ar-7-thread-4] *TASK org.sonatype.nexus.proxy.maven.routing.internal.ManagerImpl - Updated and published prefix file of "Public Repositories" [id=public]
jvm 1    | 2018-07-16 18:22:21,369-0600 INFO  [qtp1905117012-53]  org.apache.shiro.nexus5727.FixedDefaultWebSessionManager - Global session timeout: 1800000 ms
jvm 1    | 2018-07-16 18:22:21,371-0600 INFO  [qtp1905117012-53]  org.apache.shiro.session.mgt.AbstractValidatingSessionManager - Enabling session validation scheduler...
jvm 1    | 2018-07-16 18:22:21,531-0600 INFO  [qtp1905117012-53] *UNKNOWN org.sonatype.nexus.velocity.VelocityEngineProvider - Creating Nexus VelocityEngine
jvm 1    | 2018-07-16 18:28:43,466-0600 INFO  [qtp1905117012-49] *UNKNOWN /nexus - nexus: [Noelios Restlet Engine] - Attaching application: org.sonatype.nexus.rest.NexusApplication@39ddaf17 to URI: /nexus/service/local
jvm 1    | 2018-07-16 18:28:43,584-0600 WARN  [qtp1905117012-53] *UNKNOWN org.sonatype.security.model.source.FileModelConfigurationSource - No configuration file in place, copying the default one and continuing with it.
jvm 1    | 2018-07-16 18:28:43,600-0600 INFO  [qtp1905117012-53] *UNKNOWN org.sonatype.security.model.source.FileModelConfigurationSource - Loading security configuration from: /home/charlie/programs/nexus-2.14.9-01/../sonatype-work/nexus/conf/security.xml
jvm 1    | 2018-07-16 18:28:49,489-0600 INFO  [qtp1905117012-49] anonymous java.util.prefs - Created user preferences directory.
jvm 1    | 2018-07-16 18:40:45,825-0600 INFO  [qtp1905117012-51] *UNKNOWN org.apache.shiro.cache.ehcache.EhCacheManager - Using existing EHCache named [shiro-activeSessionCache]
jvm 1    | 2018-07-16 18:42:02,730-0600 INFO  [qtp1905117012-49] admin org.sonatype.nexus.proxy.maven.routing.internal.ManagerImpl - Initializing non-existing prefix file of newly added "Internal Web" [id=INTW]
jvm 1    | 2018-07-16 18:42:02,739-0600 INFO  [ar-7-thread-1] admin org.sonatype.nexus.proxy.maven.routing.internal.ManagerImpl - Updated and published prefix file of "Internal Web" [id=INTW]
jvm 1    | 2018-07-16 18:42:02,816-0600 INFO  [qtp1905117012-49] admin org.sonatype.nexus.proxy.registry.DefaultRepositoryRegistry - Added repository "Internal Web" [id=INTW][contentClass=Maven2][mainFacet=org.sonatype.nexus.proxy.repository.GroupRepository]
jvm 1    | 2018-07-16 18:42:02,899-0600 INFO  [qtp1905117012-49] admin org.sonatype.nexus.configuration.application.DefaultNexusConfiguration - Applying Nexus Configuration made by admin...
jvm 1    | 2018-07-16 18:42:02,954-0600 INFO  [qtp1905117012-49] admin org.sonatype.nexus.configuration.application.DefaultNexusConfiguration - Applying Nexus Configuration due to changes in [Internal Web] made by admin...
jvm 1    | 2018-07-16 18:42:03,429-0600 INFO  [pxpool-1-thread-1] admin org.sonatype.nexus.index.tasks.UpdateIndexTask - Scheduled task (UpdateIndexTask) started :: Updating repository index "Internal Web" from path null and below.
jvm 1    | 2018-07-16 18:42:03,475-0600 INFO  [pxpool-1-thread-1] admin org.sonatype.nexus.index.DefaultIndexerManager - Publishing index for repository INTW
jvm 1    | [INFO] Unable to read properties file, will force index regeneration
jvm 1    | 2018-07-16 18:42:03,664-0600 INFO  [pxpool-1-thread-1] admin org.sonatype.nexus.index.tasks.UpdateIndexTask - Scheduled task (UpdateIndexTask) finished :: Updating repository index "Internal Web" from path null and below. (started 2018-07-16T18:42:03-06:00, runtime 0:00:00.232)
jvm 1    | 2018-07-16 18:42:03,750-0600 INFO  [pxpool-1-thread-1] admin org.sonatype.nexus.configuration.application.DefaultNexusConfiguration - Applying Nexus Configuration due to changes in [Scheduled Tasks] made by *TASK...
jvm 1    | 2018-07-16 18:43:28,784-0600 INFO  [qtp1905117012-50] admin org.sonatype.nexus.proxy.maven.routing.internal.ManagerImpl - Initializing non-existing prefix file of newly added "Continuous Integration" [id=CI]
jvm 1    | 2018-07-16 18:43:28,850-0600 INFO  [ar-7-thread-4] admin org.sonatype.nexus.proxy.maven.routing.internal.ManagerImpl - Updated and published prefix file of "Continuous Integration" [id=CI]
jvm 1    | 2018-07-16 18:43:28,890-0600 INFO  [qtp1905117012-50] admin org.sonatype.nexus.proxy.registry.DefaultRepositoryRegistry - Added repository "Continuous Integration" [id=CI][contentClass=Maven2][mainFacet=org.sonatype.nexus.proxy.maven.MavenHostedRepository]
jvm 1    | 2018-07-16 18:43:28,890-0600 INFO  [qtp1905117012-50] admin org.sonatype.nexus.configuration.application.DefaultNexusConfiguration - Applying Nexus Configuration made by admin...
jvm 1    | 2018-07-16 18:43:28,953-0600 INFO  [qtp1905117012-50] admin org.sonatype.nexus.configuration.application.DefaultNexusConfiguration - Applying Nexus Configuration made by admin...
jvm 1    | 2018-07-16 18:43:29,427-0600 INFO  [pxpool-1-thread-2] admin org.sonatype.nexus.index.tasks.UpdateIndexTask - Scheduled task (UpdateIndexTask) started :: Updating repository index "Continuous Integration" from path null and below.
jvm 1    | 2018-07-16 18:43:29,585-0600 INFO  [pxpool-1-thread-2] admin org.sonatype.nexus.index.NexusScanningListener - Scanning of repositoryID="CI" started.
jvm 1    | 2018-07-16 18:43:29,675-0600 INFO  [pxpool-1-thread-2] admin org.sonatype.nexus.index.NexusScanningListener - Scanning of repositoryID="CI" finished: scanned=0, added=0, updated=0, removed=0, scanningDuration=0:00:00.090
jvm 1    | 2018-07-16 18:43:29,675-0600 INFO  [pxpool-1-thread-2] admin org.sonatype.nexus.index.DefaultIndexerManager - Publishing index for repository CI
jvm 1    | [INFO] Unable to read properties file, will force index regeneration
jvm 1    | 2018-07-16 18:43:29,710-0600 INFO  [pxpool-1-thread-2] admin org.sonatype.nexus.index.tasks.UpdateIndexTask - Scheduled task (UpdateIndexTask) finished :: Updating repository index "Continuous Integration" from path null and below. (started 2018-07-16T18:43:29-06:00, runtime 0:00:00.283)
jvm 1    | 2018-07-16 18:43:29,738-0600 INFO  [pxpool-1-thread-2] admin org.sonatype.nexus.configuration.application.DefaultNexusConfiguration - Applying Nexus Configuration due to changes in [Scheduled Tasks] made by *TASK...
jvm 1    | 2018-07-16 19:22:21,376-0600 INFO  [SessionValidationThread-1]  org.apache.shiro.session.mgt.AbstractValidatingSessionManager - Validating all active sessions...
jvm 1    | 2018-07-16 19:22:21,381-0600 INFO  [SessionValidationThread-1]  org.apache.shiro.session.mgt.AbstractValidatingSessionManager - Finished session validation.  No sessions were stopped.
jvm 1    | 2018-07-16 20:22:21,374-0600 INFO  [SessionValidationThread-1]  org.apache.shiro.session.mgt.AbstractValidatingSessionManager - Validating all active sessions...
jvm 1    | 2018-07-16 20:22:21,376-0600 INFO  [SessionValidationThread-1]  org.apache.shiro.session.mgt.AbstractValidatingSessionManager - Finished session validation.  No sessions were stopped.
jvm 1    | 2018-07-16 21:22:21,373-0600 INFO  [SessionValidationThread-1]  org.apache.shiro.session.mgt.AbstractValidatingSessionManager - Validating all active sessions...
jvm 1    | 2018-07-16 21:22:21,375-0600 INFO  [SessionValidationThread-1]  org.apache.shiro.session.mgt.AbstractValidatingSessionManager - Finished session validation.  No sessions were stopped.
jvm 1    | 2018-07-16 22:22:21,374-0600 INFO  [SessionValidationThread-1]  org.apache.shiro.session.mgt.AbstractValidatingSessionManager - Validating all active sessions...
jvm 1    | 2018-07-16 22:22:21,374-0600 INFO  [SessionValidationThread-1]  org.apache.shiro.session.mgt.AbstractValidatingSessionManager - Finished session validation.  No sessions were stopped.
jvm 1    | 2018-07-17 10:11:16,981-0600 INFO  [SessionValidationThread-1]  org.apache.shiro.session.mgt.AbstractValidatingSessionManager - Validating all active sessions...
jvm 1    | 2018-07-17 10:11:17,044-0600 INFO  [SessionValidationThread-1]  org.apache.shiro.session.mgt.AbstractValidatingSessionManager - Finished session validation.  No sessions were stopped.
jvm 1    | 2018-07-17 11:11:16,981-0600 INFO  [SessionValidationThread-1]  org.apache.shiro.session.mgt.AbstractValidatingSessionManager - Validating all active sessions...
jvm 1    | 2018-07-17 11:11:17,016-0600 INFO  [SessionValidationThread-1]  org.apache.shiro.session.mgt.AbstractValidatingSessionManager - Finished session validation.  No sessions were stopped.
jvm 1    | 2018-07-17 12:11:16,981-0600 INFO  [SessionValidationThread-1]  org.apache.shiro.session.mgt.AbstractValidatingSessionManager - Validating all active sessions...
jvm 1    | 2018-07-17 12:11:16,983-0600 INFO  [SessionValidationThread-1]  org.apache.shiro.session.mgt.AbstractValidatingSessionManager - Finished session validation.  No sessions were stopped.
jvm 1    | 2018-07-17 13:11:16,981-0600 INFO  [SessionValidationThread-1]  org.apache.shiro.session.mgt.AbstractValidatingSessionManager - Validating all active sessions...
jvm 1    | 2018-07-17 13:11:16,984-0600 INFO  [SessionValidationThread-1]  org.apache.shiro.session.mgt.AbstractValidatingSessionManager - Finished session validation.  No sessions were stopped.
jvm 1    | 2018-07-17 14:11:16,981-0600 INFO  [SessionValidationThread-1]  org.apache.shiro.session.mgt.AbstractValidatingSessionManager - Validating all active sessions...
jvm 1    | 2018-07-17 14:11:17,029-0600 INFO  [SessionValidationThread-1]  org.apache.shiro.session.mgt.AbstractValidatingSessionManager - Finished session validation.  No sessions were stopped.
jvm 1    | 2018-07-17 15:11:16,981-0600 INFO  [SessionValidationThread-1]  org.apache.shiro.session.mgt.AbstractValidatingSessionManager - Validating all active sessions...
jvm 1    | 2018-07-17 15:11:17,032-0600 INFO  [SessionValidationThread-1]  org.apache.shiro.session.mgt.AbstractValidatingSessionManager - Finished session validation.  No sessions were stopped.
jvm 1    | 2018-07-17 16:11:16,981-0600 INFO  [SessionValidationThread-1]  org.apache.shiro.session.mgt.AbstractValidatingSessionManager - Validating all active sessions...
jvm 1    | 2018-07-17 16:11:16,982-0600 INFO  [SessionValidationThread-1]  org.apache.shiro.session.mgt.AbstractValidatingSessionManager - Finished session validation.  No sessions were stopped.
jvm 1    | 2018-07-17 17:11:17,011-0600 INFO  [SessionValidationThread-1]  org.apache.shiro.session.mgt.AbstractValidatingSessionManager - Validating all active sessions...
jvm 1    | 2018-07-17 17:11:17,074-0600 INFO  [SessionValidationThread-1]  org.apache.shiro.session.mgt.AbstractValidatingSessionManager - Finished session validation.  No sessions were stopped.
jvm 1    | 2018-07-17 18:11:16,981-0600 INFO  [SessionValidationThread-1]  org.apache.shiro.session.mgt.AbstractValidatingSessionManager - Validating all active sessions...
jvm 1    | 2018-07-17 18:11:16,982-0600 INFO  [SessionValidationThread-1]  org.apache.shiro.session.mgt.AbstractValidatingSessionManager - Finished session validation.  No sessions were stopped.
jvm 1    | 2018-07-17 19:11:16,981-0600 INFO  [SessionValidationThread-1]  org.apache.shiro.session.mgt.AbstractValidatingSessionManager - Validating all active sessions...
jvm 1    | 2018-07-17 19:11:17,013-0600 INFO  [SessionValidationThread-1]  org.apache.shiro.session.mgt.AbstractValidatingSessionManager - Finished session validation.  No sessions were stopped.
jvm 1    | 2018-07-17 20:11:16,981-0600 INFO  [SessionValidationThread-1]  org.apache.shiro.session.mgt.AbstractValidatingSessionManager - Validating all active sessions...
jvm 1    | 2018-07-17 20:11:16,983-0600 INFO  [SessionValidationThread-1]  org.apache.shiro.session.mgt.AbstractValidatingSessionManager - Finished session validation.  No sessions were stopped.
jvm 1    | 2018-07-17 21:11:16,981-0600 INFO  [SessionValidationThread-1]  org.apache.shiro.session.mgt.AbstractValidatingSessionManager - Validating all active sessions...
jvm 1    | 2018-07-17 21:11:16,985-0600 INFO  [SessionValidationThread-1]  org.apache.shiro.session.mgt.AbstractValidatingSessionManager - Finished session validation.  No sessions were stopped.
jvm 1    | 2018-07-17 22:11:16,981-0600 INFO  [SessionValidationThread-1]  org.apache.shiro.session.mgt.AbstractValidatingSessionManager - Validating all active sessions...
jvm 1    | 2018-07-17 22:11:17,015-0600 INFO  [SessionValidationThread-1]  org.apache.shiro.session.mgt.AbstractValidatingSessionManager - Finished session validation.  No sessions were stopped.
jvm 1    | 2018-07-18 10:14:25,927-0600 INFO  [SessionValidationThread-1]  org.apache.shiro.session.mgt.AbstractValidatingSessionManager - Validating all active sessions...
jvm 1    | 2018-07-18 10:14:26,518-0600 INFO  [SessionValidationThread-1]  org.apache.shiro.session.mgt.AbstractValidatingSessionManager - Finished session validation.  No sessions were stopped.
jvm 1    | 2018-07-18 11:14:25,927-0600 INFO  [SessionValidationThread-1]  org.apache.shiro.session.mgt.AbstractValidatingSessionManager - Validating all active sessions...
jvm 1    | 2018-07-18 11:14:25,959-0600 INFO  [SessionValidationThread-1]  org.apache.shiro.session.mgt.AbstractValidatingSessionManager - Finished session validation.  No sessions were stopped.
jvm 1    | 2018-07-18 12:14:25,926-0600 INFO  [SessionValidationThread-1]  org.apache.shiro.session.mgt.AbstractValidatingSessionManager - Validating all active sessions...
jvm 1    | 2018-07-18 12:14:25,929-0600 INFO  [SessionValidationThread-1]  org.apache.shiro.session.mgt.AbstractValidatingSessionManager - Finished session validation.  No sessions were stopped.
jvm 1    | 2018-07-18 13:14:25,951-0600 INFO  [SessionValidationThread-1]  org.apache.shiro.session.mgt.AbstractValidatingSessionManager - Validating all active sessions...
jvm 1    | 2018-07-18 13:14:25,954-0600 INFO  [SessionValidationThread-1]  org.apache.shiro.session.mgt.AbstractValidatingSessionManager - Finished session validation.  No sessions were stopped.
jvm 1    | 2018-07-18 14:14:25,927-0600 INFO  [SessionValidationThread-1]  org.apache.shiro.session.mgt.AbstractValidatingSessionManager - Validating all active sessions...
jvm 1    | 2018-07-18 14:14:25,930-0600 INFO  [SessionValidationThread-1]  org.apache.shiro.session.mgt.AbstractValidatingSessionManager - Finished session validation.  No sessions were stopped.
jvm 1    | 2018-07-18 15:14:25,955-0600 INFO  [SessionValidationThread-1]  org.apache.shiro.session.mgt.AbstractValidatingSessionManager - Validating all active sessions...
jvm 1    | 2018-07-18 15:14:25,958-0600 INFO  [SessionValidationThread-1]  org.apache.shiro.session.mgt.AbstractValidatingSessionManager - Finished session validation.  No sessions were stopped.
jvm 1    | 2018-07-18 16:14:25,927-0600 INFO  [SessionValidationThread-1]  org.apache.shiro.session.mgt.AbstractValidatingSessionManager - Validating all active sessions...
jvm 1    | 2018-07-18 16:14:26,011-0600 INFO  [SessionValidationThread-1]  org.apache.shiro.session.mgt.AbstractValidatingSessionManager - Finished session validation.  No sessions were stopped.
